<?xml version="1.0" encoding="UTF-8"?>
<testng-results ignored="0" total="1" passed="1" failed="0" skipped="0">
  <reporter-output>
    <line>
      <![CDATA[login successful]]>
    </line>
    <line>
      <![CDATA[Items have been added successfully]]>
    </line>
    <line>
      <![CDATA[Order placed successfully]]>
    </line>
  </reporter-output>
  <suite started-at="2024-06-19T11:56:32 IST" name="Suite" finished-at="2024-06-19T11:56:38 IST" duration-ms="5464">
    <groups>
    </groups>
    <test started-at="2024-06-19T11:56:32 IST" name="Tests" finished-at="2024-06-19T11:56:38 IST" duration-ms="5464">
      <class name="org.example.SeleniumTests">
        <test-method is-config="true" signature="setup(java.lang.String)[pri:0, instance:org.example.SeleniumTests@6dc17b83]" started-at="2024-06-19T11:56:32 IST" name="setup" finished-at="2024-06-19T11:56:35 IST" duration-ms="2600" status="PASS">
          <params>
            <param index="0">
              <value>
                <![CDATA[https://www.saucedemo.com/]]>
              </value>
            </param>
          </params>
          <reporter-output>
          </reporter-output>
        </test-method> <!-- setup -->
        <test-method signature="PlaceOrder(java.lang.String,java.lang.String,java.lang.String,java.lang.String)[pri:0, instance:org.example.SeleniumTests@6dc17b83]" started-at="2024-06-19T11:56:35 IST" name="PlaceOrder" data-provider="dataSets" finished-at="2024-06-19T11:56:37 IST" duration-ms="2460" status="PASS">
          <params>
            <param index="0">
              <value>
                <![CDATA[Sauce Labs Bike Light]]>
              </value>
            </param>
            <param index="1">
              <value>
                <![CDATA[Test]]>
              </value>
            </param>
            <param index="2">
              <value>
                <![CDATA[Test]]>
              </value>
            </param>
            <param index="3">
              <value>
                <![CDATA[057]]>
              </value>
            </param>
          </params>
          <reporter-output>
            <line>
              <![CDATA[login successful]]>
            </line>
            <line>
              <![CDATA[Items have been added successfully]]>
            </line>
            <line>
              <![CDATA[Order placed successfully]]>
            </line>
          </reporter-output>
        </test-method> <!-- PlaceOrder -->
        <test-method is-config="true" signature="cleanup(org.testng.ITestResult)[pri:0, instance:org.example.SeleniumTests@6dc17b83]" started-at="2024-06-19T11:56:37 IST" name="cleanup" finished-at="2024-06-19T11:56:38 IST" duration-ms="345" status="PASS">
          <params>
            <param index="0">
              <value>
                <![CDATA[[TestResult name=PlaceOrder status=SUCCESS method=SeleniumTests.PlaceOrder(java.lang.String,java.lang.String,java.lang.String,java.lang.String)[pri:0, instance:org.example.SeleniumTests@6dc17b83] output=login successful]]]>
              </value>
            </param>
          </params>
          <reporter-output>
          </reporter-output>
        </test-method> <!-- cleanup -->
      </class> <!-- org.example.SeleniumTests -->
    </test> <!-- Tests -->
  </suite> <!-- Suite -->
</testng-results>
